<?xml version="1.0" encoding="UTF-8"?>
<testsuite name="com.here.xyz.util.json.JsonConfigFileTest" tests="9" skipped="0" failures="0" errors="0" timestamp="2023-06-20T09:56:35" hostname="xerosv" time="0.009">
  <properties/>
  <testcase name="test_annotationWithPrefix()" classname="com.here.xyz.util.json.JsonConfigFileTest" time="0.002"/>
  <testcase name="test_annotationWithoutPrefix()" classname="com.here.xyz.util.json.JsonConfigFileTest" time="0.0"/>
  <testcase name="test_env()" classname="com.here.xyz.util.json.JsonConfigFileTest" time="0.0"/>
  <testcase name="test_defaults()" classname="com.here.xyz.util.json.JsonConfigFileTest" time="0.001"/>
  <testcase name="test_config_file2()" classname="com.here.xyz.util.json.JsonConfigFileTest" time="0.001"/>
  <testcase name="test_withMap()" classname="com.here.xyz.util.json.JsonConfigFileTest" time="0.0"/>
  <testcase name="test_withMapAndEnv()" classname="com.here.xyz.util.json.JsonConfigFileTest" time="0.001"/>
  <testcase name="test_config_file()" classname="com.here.xyz.util.json.JsonConfigFileTest" time="0.001"/>
  <testcase name="test_nullable()" classname="com.here.xyz.util.json.JsonConfigFileTest" time="0.001"/>
  <system-out><![CDATA[]]></system-out>
  <system-err><![CDATA[]]></system-err>
</testsuite>
