<?xml version="1.0" encoding="UTF-8"?>
<testsuite name="com.here.xyz.models.geojson.HQuadTest" tests="6" skipped="0" failures="0" errors="0" timestamp="2023-06-20T09:56:35" hostname="xerosv" time="0.009">
  <properties/>
  <testcase name="testInvalidBase4QK()" classname="com.here.xyz.models.geojson.HQuadTest" time="0.002"/>
  <testcase name="testLRC()" classname="com.here.xyz.models.geojson.HQuadTest" time="0.001"/>
  <testcase name="testInvalidBase10QK()" classname="com.here.xyz.models.geojson.HQuadTest" time="0.0"/>
  <testcase name="testBase10Quadkey()" classname="com.here.xyz.models.geojson.HQuadTest" time="0.0"/>
  <testcase name="testInvalidLRC()" classname="com.here.xyz.models.geojson.HQuadTest" time="0.004"/>
  <testcase name="testBase4Quadkey()" classname="com.here.xyz.models.geojson.HQuadTest" time="0.0"/>
  <system-out><![CDATA[]]></system-out>
  <system-err><![CDATA[]]></system-err>
</testsuite>
