<?xml version="1.0" encoding="UTF-8"?>
<testsuite name="com.here.xyz.events.QueryParameterListTest" tests="3" skipped="0" failures="0" errors="0" timestamp="2023-06-20T09:56:35" hostname="xerosv" time="0.003">
  <properties/>
  <testcase name="testOperations()" classname="com.here.xyz.events.QueryParameterListTest" time="0.001"/>
  <testcase name="basic()" classname="com.here.xyz.events.QueryParameterListTest" time="0.0"/>
  <testcase name="explicitStrings()" classname="com.here.xyz.events.QueryParameterListTest" time="0.001"/>
  <system-out><![CDATA[]]></system-out>
  <system-err><![CDATA[]]></system-err>
</testsuite>
