<?xml version="1.0" encoding="UTF-8"?>
<testsuite name="com.here.xyz.bin.TestConnectorPayload" tests="2" skipped="0" failures="0" errors="0" timestamp="2023-06-20T09:56:34" hostname="xerosv" time="0.004">
  <properties/>
  <testcase name="testWriteBytes()" classname="com.here.xyz.bin.TestConnectorPayload" time="0.003"/>
  <testcase name="testReadBytes()" classname="com.here.xyz.bin.TestConnectorPayload" time="0.0"/>
  <system-out><![CDATA[]]></system-out>
  <system-err><![CDATA[]]></system-err>
</testsuite>
