<?xml version="1.0" encoding="UTF-8"?>
<testsuite name="com.here.xyz.util.json.JsonObjectTest" tests="6" skipped="0" failures="0" errors="0" timestamp="2023-06-20T09:56:35" hostname="xerosv" time="0.007">
  <properties/>
  <testcase name="raw_basics()" classname="com.here.xyz.util.json.JsonObjectTest" time="0.001"/>
  <testcase name="raw_iterate()" classname="com.here.xyz.util.json.JsonObjectTest" time="0.001"/>
  <testcase name="test_extended_basics()" classname="com.here.xyz.util.json.JsonObjectTest" time="0.001"/>
  <testcase name="test_serialization()" classname="com.here.xyz.util.json.JsonObjectTest" time="0.001"/>
  <testcase name="test_deserialization()" classname="com.here.xyz.util.json.JsonObjectTest" time="0.0"/>
  <testcase name="test_extended_iterator()" classname="com.here.xyz.util.json.JsonObjectTest" time="0.0"/>
  <system-out><![CDATA[]]></system-out>
  <system-err><![CDATA[]]></system-err>
</testsuite>
