<?xml version="1.0" encoding="UTF-8"?>
<testsuite name="com.here.xyz.models.geojson.implementation.LazyParsedFeatureCollectionTest" tests="8" skipped="0" failures="0" errors="0" timestamp="2023-06-20T09:56:35" hostname="xerosv" time="0.121">
  <properties/>
  <testcase name="testDeserializeWithFullView()" classname="com.here.xyz.models.geojson.implementation.LazyParsedFeatureCollectionTest" time="0.01"/>
  <testcase name="testDeserializeWithSeveralObjects()" classname="com.here.xyz.models.geojson.implementation.LazyParsedFeatureCollectionTest" time="0.057"/>
  <testcase name="testDeserializeLarger()" classname="com.here.xyz.models.geojson.implementation.LazyParsedFeatureCollectionTest" time="0.043"/>
  <testcase name="testSerialize()" classname="com.here.xyz.models.geojson.implementation.LazyParsedFeatureCollectionTest" time="0.001"/>
  <testcase name="testDeserializeWithFeatureMissingType()" classname="com.here.xyz.models.geojson.implementation.LazyParsedFeatureCollectionTest" time="0.003"/>
  <testcase name="testSerializeWithoutOrder()" classname="com.here.xyz.models.geojson.implementation.LazyParsedFeatureCollectionTest" time="0.001"/>
  <testcase name="testDeserializeWithNullFeature()" classname="com.here.xyz.models.geojson.implementation.LazyParsedFeatureCollectionTest" time="0.0"/>
  <testcase name="testDeserializeWithPartialView()" classname="com.here.xyz.models.geojson.implementation.LazyParsedFeatureCollectionTest" time="0.001"/>
  <system-out><![CDATA[]]></system-out>
  <system-err><![CDATA[]]></system-err>
</testsuite>
