<?xml version="1.0" encoding="UTF-8"?>
<testsuite name="com.here.xyz.models.geojson.implementation.TestClone" tests="2" skipped="0" failures="0" errors="0" timestamp="2023-06-20T09:56:35" hostname="xerosv" time="0.008">
  <properties/>
  <testcase name="testAsMap()" classname="com.here.xyz.models.geojson.implementation.TestClone" time="0.006"/>
  <testcase name="testClone()" classname="com.here.xyz.models.geojson.implementation.TestClone" time="0.002"/>
  <system-out><![CDATA[]]></system-out>
  <system-err><![CDATA[]]></system-err>
</testsuite>
