<?xml version="1.0" encoding="UTF-8"?>
<testsuite name="com.here.xyz.models.geojson.coordinates.test.JTSConverterTest" tests="1" skipped="0" failures="0" errors="0" timestamp="2023-06-20T09:56:35" hostname="xerosv" time="0.017">
  <properties/>
  <testcase name="test()" classname="com.here.xyz.models.geojson.coordinates.test.JTSConverterTest" time="0.017"/>
  <system-out><![CDATA[]]></system-out>
  <system-err><![CDATA[]]></system-err>
</testsuite>
