<?xml version="1.0" encoding="UTF-8"?>
<testsuite name="com.here.xyz.util.json.JsonClassAndFieldTest" tests="3" skipped="0" failures="0" errors="0" timestamp="2023-06-20T09:56:35" hostname="xerosv" time="0.002">
  <properties/>
  <testcase name="test_illegalType()" classname="com.here.xyz.util.json.JsonClassAndFieldTest" time="0.001"/>
  <testcase name="basics()" classname="com.here.xyz.util.json.JsonClassAndFieldTest" time="0.001"/>
  <testcase name="test_ownType()" classname="com.here.xyz.util.json.JsonClassAndFieldTest" time="0.0"/>
  <system-out><![CDATA[]]></system-out>
  <system-err><![CDATA[]]></system-err>
</testsuite>
