<?xml version="1.0" encoding="UTF-8"?>
<testsuite name="com.here.xyz.util.diff.PatcherTest" tests="3" skipped="0" failures="0" errors="0" timestamp="2023-06-20T09:56:35" hostname="xerosv" time="0.009">
  <properties/>
  <testcase name="basic()" classname="com.here.xyz.util.diff.PatcherTest" time="0.004"/>
  <testcase name="testIgnoreAll()" classname="com.here.xyz.util.diff.PatcherTest" time="0.002"/>
  <testcase name="testXyzNamespace()" classname="com.here.xyz.util.diff.PatcherTest" time="0.002"/>
  <system-out><![CDATA[]]></system-out>
  <system-err><![CDATA[]]></system-err>
</testsuite>
