<?xml version="1.0" encoding="UTF-8"?>
<testsuite name="com.here.xyz.events.EventTest" tests="5" skipped="0" failures="0" errors="0" timestamp="2023-06-20T09:56:34" hostname="xerosv" time="0.053">
  <properties/>
  <testcase name="fromJson()" classname="com.here.xyz.events.EventTest" time="0.016"/>
  <testcase name="testClone()" classname="com.here.xyz.events.EventTest" time="0.014"/>
  <testcase name="getFeaturesByTileEventTest()" classname="com.here.xyz.events.EventTest" time="0.009"/>
  <testcase name="checkHash()" classname="com.here.xyz.events.EventTest" time="0.011"/>
  <testcase name="testDeepCopy()" classname="com.here.xyz.events.EventTest" time="0.0"/>
  <system-out><![CDATA[]]></system-out>
  <system-err><![CDATA[]]></system-err>
</testsuite>
