<?xml version="1.0" encoding="UTF-8"?>
<testsuite name="com.here.xyz.models.geojson.implementation.Test_NSxyz" tests="1" skipped="0" failures="0" errors="0" timestamp="2023-06-20T09:56:35" hostname="xerosv" time="0.0">
  <properties/>
  <testcase name="test_fixNormalizedTags()" classname="com.here.xyz.models.geojson.implementation.Test_NSxyz" time="0.0"/>
  <system-out><![CDATA[]]></system-out>
  <system-err><![CDATA[]]></system-err>
</testsuite>
