<?xml version="1.0" encoding="UTF-8"?>
<testsuite name="com.here.xyz.models.geojson.WebMercatorTileTest" tests="13" skipped="0" failures="0" errors="0" timestamp="2023-06-20T09:56:35" hostname="xerosv" time="0.013">
  <properties/>
  <testcase name="toQuadkey()" classname="com.here.xyz.models.geojson.WebMercatorTileTest" time="0.001"/>
  <testcase name="invalidQuadIdentifier10()" classname="com.here.xyz.models.geojson.WebMercatorTileTest" time="0.001"/>
  <testcase name="positiveExamples()" classname="com.here.xyz.models.geojson.WebMercatorTileTest" time="0.0"/>
  <testcase name="invalidQuadIdentifier1()" classname="com.here.xyz.models.geojson.WebMercatorTileTest" time="0.001"/>
  <testcase name="invalidQuadIdentifier2()" classname="com.here.xyz.models.geojson.WebMercatorTileTest" time="0.001"/>
  <testcase name="invalidQuadIdentifier3()" classname="com.here.xyz.models.geojson.WebMercatorTileTest" time="0.001"/>
  <testcase name="invalidQuadIdentifier4()" classname="com.here.xyz.models.geojson.WebMercatorTileTest" time="0.0"/>
  <testcase name="invalidQuadIdentifier5()" classname="com.here.xyz.models.geojson.WebMercatorTileTest" time="0.0"/>
  <testcase name="invalidQuadIdentifier6()" classname="com.here.xyz.models.geojson.WebMercatorTileTest" time="0.001"/>
  <testcase name="invalidQuadIdentifier7()" classname="com.here.xyz.models.geojson.WebMercatorTileTest" time="0.0"/>
  <testcase name="invalidQuadIdentifier8()" classname="com.here.xyz.models.geojson.WebMercatorTileTest" time="0.0"/>
  <testcase name="invalidQuadIdentifier9()" classname="com.here.xyz.models.geojson.WebMercatorTileTest" time="0.0"/>
  <testcase name="test_pixel()" classname="com.here.xyz.models.geojson.WebMercatorTileTest" time="0.001"/>
  <system-out><![CDATA[]]></system-out>
  <system-err><![CDATA[]]></system-err>
</testsuite>
