<?xml version="1.0" encoding="UTF-8"?>
<testsuite name="com.here.xyz.util.IoHelpTest" tests="1" skipped="0" failures="0" errors="0" timestamp="2023-06-20T09:56:35" hostname="xerosv" time="0.003">
  <properties/>
  <testcase name="test_configFileFromResources()" classname="com.here.xyz.util.IoHelpTest" time="0.003"/>
  <system-out><![CDATA[]]></system-out>
  <system-err><![CDATA[]]></system-err>
</testsuite>
