<?xml version="1.0" encoding="UTF-8"?>
<testsuite name="com.here.xyz.StringHelperTest" tests="1" skipped="0" failures="0" errors="0" timestamp="2023-06-20T09:56:34" hostname="xerosv" time="0.001">
  <properties/>
  <testcase name="equals_test()" classname="com.here.xyz.StringHelperTest" time="0.001"/>
  <system-out><![CDATA[]]></system-out>
  <system-err><![CDATA[]]></system-err>
</testsuite>
