<?xml version="1.0" encoding="UTF-8"?>
<testsuite name="com.here.naksha.http.HttpHandlerTest" tests="2" skipped="0" failures="0" errors="0" timestamp="2023-06-20T09:56:32" hostname="xerosv" time="0.264">
  <properties/>
  <testcase name="test_HealthCheckEvent()" classname="com.here.naksha.http.HttpHandlerTest" time="0.252"/>
  <testcase name="test_GetFeaturesById()" classname="com.here.naksha.http.HttpHandlerTest" time="0.011"/>
  <system-out><![CDATA[Server running on port 9999
]]></system-out>
  <system-err><![CDATA[SLF4J: No SLF4J providers were found.
SLF4J: Defaulting to no-operation (NOP) logger implementation
SLF4J: See https://www.slf4j.org/codes.html#noProviders for further details.
SLF4J: Class path contains SLF4J bindings targeting slf4j-api versions 1.7.x or earlier.
SLF4J: Ignoring binding found at [jar:file:/home/xeus/.gradle/caches/modules-2/files-2.1/org.apache.logging.log4j/log4j-slf4j-impl/2.17.1/84692d456bcce689355d33d68167875e486954dd/log4j-slf4j-impl-2.17.1.jar!/org/slf4j/impl/StaticLoggerBinder.class]
SLF4J: See https://www.slf4j.org/codes.html#ignoredBindings for an explanation.
]]></system-err>
</testsuite>
