<?xml version="1.0" encoding="UTF-8"?>
<testsuite name="com.here.naksha.activitylog.ActivityLogHandlerTest" tests="7" skipped="1" failures="0" errors="0" timestamp="2023-06-20T09:56:31" hostname="xerosv" time="0.436">
  <properties/>
  <testcase name="test_sqlQueryBuilder()" classname="com.here.naksha.activitylog.ActivityLogHandlerTest" time="0.223"/>
  <testcase name="test_fromActivityLogPartial()" classname="com.here.naksha.activitylog.ActivityLogHandlerTest" time="0.149"/>
  <testcase name="test_fromActivityLog()" classname="com.here.naksha.activitylog.ActivityLogHandlerTest" time="0.005"/>
  <testcase name="test_deserialization()" classname="com.here.naksha.activitylog.ActivityLogHandlerTest" time="0.028"/>
  <testcase name="test_GetFeaturesById()" classname="com.here.naksha.activitylog.ActivityLogHandlerTest" time="0.01"/>
  <testcase name="test_toActivityLog()" classname="com.here.naksha.activitylog.ActivityLogHandlerTest" time="0.012"/>
  <testcase name="test_connectToDb()" classname="com.here.naksha.activitylog.ActivityLogHandlerTest" time="0.0">
    <skipped/>
  </testcase>
  <system-out><![CDATA[]]></system-out>
  <system-err><![CDATA[SLF4J: No SLF4J providers were found.
SLF4J: Defaulting to no-operation (NOP) logger implementation
SLF4J: See https://www.slf4j.org/codes.html#noProviders for further details.
SLF4J: Class path contains SLF4J bindings targeting slf4j-api versions 1.7.x or earlier.
SLF4J: Ignoring binding found at [jar:file:/home/xeus/.gradle/caches/modules-2/files-2.1/org.apache.logging.log4j/log4j-slf4j-impl/2.17.1/84692d456bcce689355d33d68167875e486954dd/log4j-slf4j-impl-2.17.1.jar!/org/slf4j/impl/StaticLoggerBinder.class]
SLF4J: See https://www.slf4j.org/codes.html#ignoredBindings for an explanation.
]]></system-err>
</testsuite>
