<?xml version="1.0" encoding="UTF-8"?>
<testsuite name="com.here.xyz.psql.SQLQueryTests" tests="3" skipped="0" failures="0" errors="0" timestamp="2023-06-20T09:47:28" hostname="xerosv" time="0.014">
  <properties/>
  <testcase name="testFragmentInheritance()" classname="com.here.xyz.psql.SQLQueryTests" time="0.012"/>
  <testcase name="testParameterInheritance()" classname="com.here.xyz.psql.SQLQueryTests" time="0.0"/>
  <testcase name="testVariableInheritance()" classname="com.here.xyz.psql.SQLQueryTests" time="0.0"/>
  <system-out><![CDATA[]]></system-out>
  <system-err><![CDATA[]]></system-err>
</testsuite>
